Fri 13 03:05:43 RUDY php: [WARNING] Unable to initialize Volt cache dir: F:\xampp\htdocs\rudy\berserkerapp/cache/. Used temp path: C:\Windows\TEMP\phalcon\volt
Fri 13 03:05:43 RUDY php: [WARNING] Unable to initialize Volt cache dir: F:\xampp\htdocs\rudy\berserkerapp/cache/. Used temp path: C:\Windows\TEMP\phalcon\volt
Fri 13 03:05:43 RUDY php: [WARNING] E_WARNING: mkdir(): File exists in F:\xampp\htdocs\rudy\phalcon-devtools\scripts\Phalcon\Initializable.php on line 240
Fri 13 03:05:43 RUDY php: [WARNING] Unable to initialize Volt cache dir: F:\xampp\htdocs\rudy\berserkerapp/cache/. Used temp path: C:\Windows\TEMP\phalcon\volt
Fri 13 03:05:43 RUDY php: [WARNING] E_WARNING: mkdir(): File exists in F:\xampp\htdocs\rudy\phalcon-devtools\scripts\Phalcon\Initializable.php on line 240
Fri 13 03:05:44 RUDY php: [WARNING] Unable to initialize Volt cache dir: F:\xampp\htdocs\rudy\berserkerapp/cache/. Used temp path: C:\Windows\TEMP\phalcon\volt
Fri 13 03:05:44 RUDY php: [WARNING] E_WARNING: mkdir(): File exists in F:\xampp\htdocs\rudy\phalcon-devtools\scripts\Phalcon\Initializable.php on line 240
Fri 13 03:05:44 RUDY php: [WARNING] Unable to initialize Volt cache dir: F:\xampp\htdocs\rudy\berserkerapp/cache/. Used temp path: C:\Windows\TEMP\phalcon\volt
Fri 13 03:05:44 RUDY php: [WARNING] E_WARNING: mkdir(): File exists in F:\xampp\htdocs\rudy\phalcon-devtools\scripts\Phalcon\Initializable.php on line 240
Fri 13 03:05:44 RUDY php: [WARNING] Unable to initialize Volt cache dir: F:\xampp\htdocs\rudy\berserkerapp/cache/. Used temp path: C:\Windows\TEMP\phalcon\volt
Fri 13 03:05:44 RUDY php: [WARNING] E_WARNING: mkdir(): File exists in F:\xampp\htdocs\rudy\phalcon-devtools\scripts\Phalcon\Initializable.php on line 240
Fri 13 03:05:44 RUDY php: [WARNING] Unable to initialize Volt cache dir: F:\xampp\htdocs\rudy\berserkerapp/cache/. Used temp path: C:\Windows\TEMP\phalcon\volt
Fri 13 03:05:44 RUDY php: [WARNING] E_WARNING: mkdir(): File exists in F:\xampp\htdocs\rudy\phalcon-devtools\scripts\Phalcon\Initializable.php on line 240
Fri 13 03:05:44 RUDY php: [WARNING] Unable to initialize Volt cache dir: F:\xampp\htdocs\rudy\berserkerapp/cache/. Used temp path: C:\Windows\TEMP\phalcon\volt
Fri 13 03:05:44 RUDY php: [WARNING] E_WARNING: mkdir(): File exists in F:\xampp\htdocs\rudy\phalcon-devtools\scripts\Phalcon\Initializable.php on line 240
Fri 13 03:05:44 RUDY php: [WARNING] Unable to initialize Volt cache dir: F:\xampp\htdocs\rudy\berserkerapp/cache/. Used temp path: C:\Windows\TEMP\phalcon\volt
Fri 13 03:05:44 RUDY php: [WARNING] E_WARNING: mkdir(): File exists in F:\xampp\htdocs\rudy\phalcon-devtools\scripts\Phalcon\Initializable.php on line 240
Fri 13 10:11:54 RUDY php: [WARNING] Unable to initialize Volt cache dir: F:\xampp\htdocs\rudy\berserkerapp/cache/. Used temp path: C:\Windows\TEMP\phalcon\volt
Fri 13 10:11:54 RUDY php: [WARNING] E_WARNING: mkdir(): File exists in F:\xampp\htdocs\rudy\phalcon-devtools\scripts\Phalcon\Initializable.php on line 240
Fri 13 10:11:54 RUDY php: [WARNING] Unable to initialize Volt cache dir: F:\xampp\htdocs\rudy\berserkerapp/cache/. Used temp path: C:\Windows\TEMP\phalcon\volt
Fri 13 10:11:54 RUDY php: [WARNING] E_WARNING: mkdir(): File exists in F:\xampp\htdocs\rudy\phalcon-devtools\scripts\Phalcon\Initializable.php on line 240
Fri 13 10:11:54 RUDY php: [WARNING] Unable to initialize Volt cache dir: F:\xampp\htdocs\rudy\berserkerapp/cache/. Used temp path: C:\Windows\TEMP\phalcon\volt
Fri 13 10:11:54 RUDY php: [WARNING] E_WARNING: mkdir(): File exists in F:\xampp\htdocs\rudy\phalcon-devtools\scripts\Phalcon\Initializable.php on line 240
Fri 13 10:11:54 RUDY php: [WARNING] Unable to initialize Volt cache dir: F:\xampp\htdocs\rudy\berserkerapp/cache/. Used temp path: C:\Windows\TEMP\phalcon\volt
Fri 13 10:11:54 RUDY php: [WARNING] E_WARNING: mkdir(): File exists in F:\xampp\htdocs\rudy\phalcon-devtools\scripts\Phalcon\Initializable.php on line 240
Fri 13 10:11:54 RUDY php: [WARNING] Unable to initialize Volt cache dir: F:\xampp\htdocs\rudy\berserkerapp/cache/. Used temp path: C:\Windows\TEMP\phalcon\volt
Fri 13 10:11:54 RUDY php: [WARNING] E_WARNING: mkdir(): File exists in F:\xampp\htdocs\rudy\phalcon-devtools\scripts\Phalcon\Initializable.php on line 240
Fri 13 10:11:54 RUDY php: [WARNING] Unable to initialize Volt cache dir: F:\xampp\htdocs\rudy\berserkerapp/cache/. Used temp path: C:\Windows\TEMP\phalcon\volt
Fri 13 10:11:54 RUDY php: [WARNING] E_WARNING: mkdir(): File exists in F:\xampp\htdocs\rudy\phalcon-devtools\scripts\Phalcon\Initializable.php on line 240
Fri 13 10:11:54 RUDY php: [WARNING] Unable to initialize Volt cache dir: F:\xampp\htdocs\rudy\berserkerapp/cache/. Used temp path: C:\Windows\TEMP\phalcon\volt
Fri 13 10:11:54 RUDY php: [WARNING] E_WARNING: mkdir(): File exists in F:\xampp\htdocs\rudy\phalcon-devtools\scripts\Phalcon\Initializable.php on line 240
Fri 13 10:11:54 RUDY php: [WARNING] Unable to initialize Volt cache dir: F:\xampp\htdocs\rudy\berserkerapp/cache/. Used temp path: C:\Windows\TEMP\phalcon\volt
Fri 13 10:11:54 RUDY php: [WARNING] E_WARNING: mkdir(): File exists in F:\xampp\htdocs\rudy\phalcon-devtools\scripts\Phalcon\Initializable.php on line 240
Fri 13 10:11:54 RUDY php: [WARNING] Unable to initialize Volt cache dir: F:\xampp\htdocs\rudy\berserkerapp/cache/. Used temp path: C:\Windows\TEMP\phalcon\volt
Fri 13 10:11:54 RUDY php: [WARNING] E_WARNING: mkdir(): File exists in F:\xampp\htdocs\rudy\phalcon-devtools\scripts\Phalcon\Initializable.php on line 240
Fri 13 10:30:06 RUDY php: [WARNING] Unable to initialize Volt cache dir: F:\xampp\htdocs\rudy\berserkerapp/cache/. Used temp path: C:\Windows\TEMP\phalcon\volt
Fri 13 10:30:06 RUDY php: [WARNING] E_WARNING: mkdir(): File exists in F:\xampp\htdocs\rudy\phalcon-devtools\scripts\Phalcon\Initializable.php on line 240
Fri 13 10:30:06 RUDY php: [WARNING] Unable to initialize Volt cache dir: F:\xampp\htdocs\rudy\berserkerapp/cache/. Used temp path: C:\Windows\TEMP\phalcon\volt
Fri 13 10:30:06 RUDY php: [WARNING] E_WARNING: mkdir(): File exists in F:\xampp\htdocs\rudy\phalcon-devtools\scripts\Phalcon\Initializable.php on line 240
Fri 13 10:30:06 RUDY php: [WARNING] Unable to initialize Volt cache dir: F:\xampp\htdocs\rudy\berserkerapp/cache/. Used temp path: C:\Windows\TEMP\phalcon\volt
Fri 13 10:30:06 RUDY php: [WARNING] E_WARNING: mkdir(): File exists in F:\xampp\htdocs\rudy\phalcon-devtools\scripts\Phalcon\Initializable.php on line 240
Fri 13 10:30:06 RUDY php: [WARNING] Unable to initialize Volt cache dir: F:\xampp\htdocs\rudy\berserkerapp/cache/. Used temp path: C:\Windows\TEMP\phalcon\volt
Fri 13 10:30:06 RUDY php: [WARNING] E_WARNING: mkdir(): File exists in F:\xampp\htdocs\rudy\phalcon-devtools\scripts\Phalcon\Initializable.php on line 240
Fri 13 10:30:06 RUDY php: [WARNING] Unable to initialize Volt cache dir: F:\xampp\htdocs\rudy\berserkerapp/cache/. Used temp path: C:\Windows\TEMP\phalcon\volt
Fri 13 10:30:06 RUDY php: [WARNING] E_WARNING: mkdir(): File exists in F:\xampp\htdocs\rudy\phalcon-devtools\scripts\Phalcon\Initializable.php on line 240
Fri 13 10:30:06 RUDY php: [WARNING] Unable to initialize Volt cache dir: F:\xampp\htdocs\rudy\berserkerapp/cache/. Used temp path: C:\Windows\TEMP\phalcon\volt
Fri 13 10:30:06 RUDY php: [WARNING] E_WARNING: mkdir(): File exists in F:\xampp\htdocs\rudy\phalcon-devtools\scripts\Phalcon\Initializable.php on line 240
Fri 13 10:30:06 RUDY php: [WARNING] Unable to initialize Volt cache dir: F:\xampp\htdocs\rudy\berserkerapp/cache/. Used temp path: C:\Windows\TEMP\phalcon\volt
Fri 13 10:30:06 RUDY php: [WARNING] E_WARNING: mkdir(): File exists in F:\xampp\htdocs\rudy\phalcon-devtools\scripts\Phalcon\Initializable.php on line 240
Fri 13 10:30:06 RUDY php: [WARNING] Unable to initialize Volt cache dir: F:\xampp\htdocs\rudy\berserkerapp/cache/. Used temp path: C:\Windows\TEMP\phalcon\volt
Fri 13 10:30:06 RUDY php: [WARNING] E_WARNING: mkdir(): File exists in F:\xampp\htdocs\rudy\phalcon-devtools\scripts\Phalcon\Initializable.php on line 240
Fri 13 10:30:06 RUDY php: [WARNING] Unable to initialize Volt cache dir: F:\xampp\htdocs\rudy\berserkerapp/cache/. Used temp path: C:\Windows\TEMP\phalcon\volt
Fri 13 10:30:06 RUDY php: [WARNING] E_WARNING: mkdir(): File exists in F:\xampp\htdocs\rudy\phalcon-devtools\scripts\Phalcon\Initializable.php on line 240
Fri 13 10:30:06 RUDY php: [WARNING] Unable to initialize Volt cache dir: F:\xampp\htdocs\rudy\berserkerapp/cache/. Used temp path: C:\Windows\TEMP\phalcon\volt
Fri 13 10:30:06 RUDY php: [WARNING] E_WARNING: mkdir(): File exists in F:\xampp\htdocs\rudy\phalcon-devtools\scripts\Phalcon\Initializable.php on line 240
Fri 13 10:30:38 RUDY php: [WARNING] Unable to initialize Volt cache dir: F:\xampp\htdocs\rudy\berserkerapp/cache/. Used temp path: C:\Windows\TEMP\phalcon\volt
Fri 13 10:30:38 RUDY php: [WARNING] E_WARNING: mkdir(): File exists in F:\xampp\htdocs\rudy\phalcon-devtools\scripts\Phalcon\Initializable.php on line 240
Fri 13 10:30:38 RUDY php: [WARNING] Unable to initialize Volt cache dir: F:\xampp\htdocs\rudy\berserkerapp/cache/. Used temp path: C:\Windows\TEMP\phalcon\volt
Fri 13 10:30:38 RUDY php: [WARNING] E_WARNING: mkdir(): File exists in F:\xampp\htdocs\rudy\phalcon-devtools\scripts\Phalcon\Initializable.php on line 240
Fri 13 10:30:38 RUDY php: [WARNING] Unable to initialize Volt cache dir: F:\xampp\htdocs\rudy\berserkerapp/cache/. Used temp path: C:\Windows\TEMP\phalcon\volt
Fri 13 10:30:38 RUDY php: [WARNING] E_WARNING: mkdir(): File exists in F:\xampp\htdocs\rudy\phalcon-devtools\scripts\Phalcon\Initializable.php on line 240
Fri 13 10:30:38 RUDY php: [WARNING] Unable to initialize Volt cache dir: F:\xampp\htdocs\rudy\berserkerapp/cache/. Used temp path: C:\Windows\TEMP\phalcon\volt
Fri 13 10:30:38 RUDY php: [WARNING] E_WARNING: mkdir(): File exists in F:\xampp\htdocs\rudy\phalcon-devtools\scripts\Phalcon\Initializable.php on line 240
Fri 13 10:30:38 RUDY php: [WARNING] Unable to initialize Volt cache dir: F:\xampp\htdocs\rudy\berserkerapp/cache/. Used temp path: C:\Windows\TEMP\phalcon\volt
Fri 13 10:30:38 RUDY php: [WARNING] E_WARNING: mkdir(): File exists in F:\xampp\htdocs\rudy\phalcon-devtools\scripts\Phalcon\Initializable.php on line 240
Fri 13 10:30:38 RUDY php: [WARNING] Unable to initialize Volt cache dir: F:\xampp\htdocs\rudy\berserkerapp/cache/. Used temp path: C:\Windows\TEMP\phalcon\volt
Fri 13 10:30:38 RUDY php: [WARNING] E_WARNING: mkdir(): File exists in F:\xampp\htdocs\rudy\phalcon-devtools\scripts\Phalcon\Initializable.php on line 240
Fri 13 10:30:38 RUDY php: [WARNING] Unable to initialize Volt cache dir: F:\xampp\htdocs\rudy\berserkerapp/cache/. Used temp path: C:\Windows\TEMP\phalcon\volt
Fri 13 10:30:38 RUDY php: [WARNING] E_WARNING: mkdir(): File exists in F:\xampp\htdocs\rudy\phalcon-devtools\scripts\Phalcon\Initializable.php on line 240
Fri 13 10:30:38 RUDY php: [WARNING] Unable to initialize Volt cache dir: F:\xampp\htdocs\rudy\berserkerapp/cache/. Used temp path: C:\Windows\TEMP\phalcon\volt
Fri 13 10:30:38 RUDY php: [WARNING] E_WARNING: mkdir(): File exists in F:\xampp\htdocs\rudy\phalcon-devtools\scripts\Phalcon\Initializable.php on line 240
Fri 13 10:30:38 RUDY php: [WARNING] Unable to initialize Volt cache dir: F:\xampp\htdocs\rudy\berserkerapp/cache/. Used temp path: C:\Windows\TEMP\phalcon\volt
Fri 13 10:30:38 RUDY php: [WARNING] E_WARNING: mkdir(): File exists in F:\xampp\htdocs\rudy\phalcon-devtools\scripts\Phalcon\Initializable.php on line 240
Fri 13 10:31:19 RUDY php: [WARNING] Unable to initialize Volt cache dir: F:\xampp\htdocs\rudy\berserkerapp/cache/. Used temp path: C:\Windows\TEMP\phalcon\volt
Fri 13 10:31:19 RUDY php: [WARNING] E_WARNING: mkdir(): File exists in F:\xampp\htdocs\rudy\phalcon-devtools\scripts\Phalcon\Initializable.php on line 240
Fri 13 10:31:19 RUDY php: [WARNING] Unable to initialize Volt cache dir: F:\xampp\htdocs\rudy\berserkerapp/cache/. Used temp path: C:\Windows\TEMP\phalcon\volt
Fri 13 10:31:19 RUDY php: [WARNING] E_WARNING: mkdir(): File exists in F:\xampp\htdocs\rudy\phalcon-devtools\scripts\Phalcon\Initializable.php on line 240
Fri 13 10:31:19 RUDY php: [WARNING] Unable to initialize Volt cache dir: F:\xampp\htdocs\rudy\berserkerapp/cache/. Used temp path: C:\Windows\TEMP\phalcon\volt
Fri 13 10:31:19 RUDY php: [WARNING] E_WARNING: mkdir(): File exists in F:\xampp\htdocs\rudy\phalcon-devtools\scripts\Phalcon\Initializable.php on line 240
Fri 13 10:31:19 RUDY php: [WARNING] Unable to initialize Volt cache dir: F:\xampp\htdocs\rudy\berserkerapp/cache/. Used temp path: C:\Windows\TEMP\phalcon\volt
Fri 13 10:31:19 RUDY php: [WARNING] E_WARNING: mkdir(): File exists in F:\xampp\htdocs\rudy\phalcon-devtools\scripts\Phalcon\Initializable.php on line 240
Fri 13 10:31:19 RUDY php: [WARNING] Unable to initialize Volt cache dir: F:\xampp\htdocs\rudy\berserkerapp/cache/. Used temp path: C:\Windows\TEMP\phalcon\volt
Fri 13 10:31:19 RUDY php: [WARNING] E_WARNING: mkdir(): File exists in F:\xampp\htdocs\rudy\phalcon-devtools\scripts\Phalcon\Initializable.php on line 240
Fri 13 10:31:19 RUDY php: [WARNING] Unable to initialize Volt cache dir: F:\xampp\htdocs\rudy\berserkerapp/cache/. Used temp path: C:\Windows\TEMP\phalcon\volt
Fri 13 10:31:19 RUDY php: [WARNING] E_WARNING: mkdir(): File exists in F:\xampp\htdocs\rudy\phalcon-devtools\scripts\Phalcon\Initializable.php on line 240
Fri 13 10:31:19 RUDY php: [WARNING] Unable to initialize Volt cache dir: F:\xampp\htdocs\rudy\berserkerapp/cache/. Used temp path: C:\Windows\TEMP\phalcon\volt
Fri 13 10:31:19 RUDY php: [WARNING] E_WARNING: mkdir(): File exists in F:\xampp\htdocs\rudy\phalcon-devtools\scripts\Phalcon\Initializable.php on line 240
Fri 13 10:31:19 RUDY php: [WARNING] Unable to initialize Volt cache dir: F:\xampp\htdocs\rudy\berserkerapp/cache/. Used temp path: C:\Windows\TEMP\phalcon\volt
Fri 13 10:31:19 RUDY php: [WARNING] E_WARNING: mkdir(): File exists in F:\xampp\htdocs\rudy\phalcon-devtools\scripts\Phalcon\Initializable.php on line 240
Fri 13 10:31:19 RUDY php: [WARNING] Unable to initialize Volt cache dir: F:\xampp\htdocs\rudy\berserkerapp/cache/. Used temp path: C:\Windows\TEMP\phalcon\volt
Fri 13 10:31:19 RUDY php: [WARNING] E_WARNING: mkdir(): File exists in F:\xampp\htdocs\rudy\phalcon-devtools\scripts\Phalcon\Initializable.php on line 240
Sun 15 14:54:06 RUDY php: [WARNING] Unable to initialize Volt cache dir: F:\xampp\htdocs\rudy\berserkerapp/cache/. Used temp path: C:\Windows\TEMP\phalcon\volt
Sun 15 14:54:06 RUDY php: [WARNING] E_WARNING: mkdir(): File exists in F:\xampp\htdocs\rudy\phalcon-devtools\scripts\Phalcon\Initializable.php on line 240
Sun 15 14:54:06 RUDY php: [WARNING] Unable to initialize Volt cache dir: F:\xampp\htdocs\rudy\berserkerapp/cache/. Used temp path: C:\Windows\TEMP\phalcon\volt
Sun 15 14:54:06 RUDY php: [WARNING] E_WARNING: mkdir(): File exists in F:\xampp\htdocs\rudy\phalcon-devtools\scripts\Phalcon\Initializable.php on line 240
Sun 15 14:54:06 RUDY php: [WARNING] Unable to initialize Volt cache dir: F:\xampp\htdocs\rudy\berserkerapp/cache/. Used temp path: C:\Windows\TEMP\phalcon\volt
Sun 15 14:54:06 RUDY php: [WARNING] E_WARNING: mkdir(): File exists in F:\xampp\htdocs\rudy\phalcon-devtools\scripts\Phalcon\Initializable.php on line 240
Sun 15 14:54:06 RUDY php: [WARNING] Unable to initialize Volt cache dir: F:\xampp\htdocs\rudy\berserkerapp/cache/. Used temp path: C:\Windows\TEMP\phalcon\volt
Sun 15 14:54:06 RUDY php: [WARNING] E_WARNING: mkdir(): File exists in F:\xampp\htdocs\rudy\phalcon-devtools\scripts\Phalcon\Initializable.php on line 240
Sun 15 14:54:06 RUDY php: [WARNING] Unable to initialize Volt cache dir: F:\xampp\htdocs\rudy\berserkerapp/cache/. Used temp path: C:\Windows\TEMP\phalcon\volt
Sun 15 14:54:06 RUDY php: [WARNING] E_WARNING: mkdir(): File exists in F:\xampp\htdocs\rudy\phalcon-devtools\scripts\Phalcon\Initializable.php on line 240
Sun 15 14:54:06 RUDY php: [WARNING] Unable to initialize Volt cache dir: F:\xampp\htdocs\rudy\berserkerapp/cache/. Used temp path: C:\Windows\TEMP\phalcon\volt
Sun 15 14:54:06 RUDY php: [WARNING] E_WARNING: mkdir(): File exists in F:\xampp\htdocs\rudy\phalcon-devtools\scripts\Phalcon\Initializable.php on line 240
Sun 15 14:54:06 RUDY php: [WARNING] Unable to initialize Volt cache dir: F:\xampp\htdocs\rudy\berserkerapp/cache/. Used temp path: C:\Windows\TEMP\phalcon\volt
Sun 15 14:54:06 RUDY php: [WARNING] E_WARNING: mkdir(): File exists in F:\xampp\htdocs\rudy\phalcon-devtools\scripts\Phalcon\Initializable.php on line 240
Sun 15 14:54:06 RUDY php: [WARNING] Unable to initialize Volt cache dir: F:\xampp\htdocs\rudy\berserkerapp/cache/. Used temp path: C:\Windows\TEMP\phalcon\volt
Sun 15 14:54:06 RUDY php: [WARNING] E_WARNING: mkdir(): File exists in F:\xampp\htdocs\rudy\phalcon-devtools\scripts\Phalcon\Initializable.php on line 240
Sun 15 14:54:06 RUDY php: [WARNING] Unable to initialize Volt cache dir: F:\xampp\htdocs\rudy\berserkerapp/cache/. Used temp path: C:\Windows\TEMP\phalcon\volt
Sun 15 14:54:06 RUDY php: [WARNING] E_WARNING: mkdir(): File exists in F:\xampp\htdocs\rudy\phalcon-devtools\scripts\Phalcon\Initializable.php on line 240
Mon 16 08:12:08 RUDY php: [WARNING] Unable to initialize Volt cache dir: F:\xampp\htdocs\rudy\berserkerapp/cache/. Used temp path: C:\Windows\TEMP\phalcon\volt
Mon 16 08:12:08 RUDY php: [WARNING] E_WARNING: mkdir(): File exists in F:\xampp\htdocs\rudy\phalcon-devtools\scripts\Phalcon\Initializable.php on line 240
Mon 16 08:12:08 RUDY php: [WARNING] Unable to initialize Volt cache dir: F:\xampp\htdocs\rudy\berserkerapp/cache/. Used temp path: C:\Windows\TEMP\phalcon\volt
Mon 16 08:12:08 RUDY php: [WARNING] E_WARNING: mkdir(): File exists in F:\xampp\htdocs\rudy\phalcon-devtools\scripts\Phalcon\Initializable.php on line 240
Mon 16 08:12:08 RUDY php: [WARNING] Unable to initialize Volt cache dir: F:\xampp\htdocs\rudy\berserkerapp/cache/. Used temp path: C:\Windows\TEMP\phalcon\volt
Mon 16 08:12:08 RUDY php: [WARNING] E_WARNING: mkdir(): File exists in F:\xampp\htdocs\rudy\phalcon-devtools\scripts\Phalcon\Initializable.php on line 240
Mon 16 08:12:08 RUDY php: [WARNING] Unable to initialize Volt cache dir: F:\xampp\htdocs\rudy\berserkerapp/cache/. Used temp path: C:\Windows\TEMP\phalcon\volt
Mon 16 08:12:08 RUDY php: [WARNING] E_WARNING: mkdir(): File exists in F:\xampp\htdocs\rudy\phalcon-devtools\scripts\Phalcon\Initializable.php on line 240
Mon 16 08:12:08 RUDY php: [WARNING] Unable to initialize Volt cache dir: F:\xampp\htdocs\rudy\berserkerapp/cache/. Used temp path: C:\Windows\TEMP\phalcon\volt
Mon 16 08:12:08 RUDY php: [WARNING] E_WARNING: mkdir(): File exists in F:\xampp\htdocs\rudy\phalcon-devtools\scripts\Phalcon\Initializable.php on line 240
Mon 16 08:12:08 RUDY php: [WARNING] Unable to initialize Volt cache dir: F:\xampp\htdocs\rudy\berserkerapp/cache/. Used temp path: C:\Windows\TEMP\phalcon\volt
Mon 16 08:12:08 RUDY php: [WARNING] E_WARNING: mkdir(): File exists in F:\xampp\htdocs\rudy\phalcon-devtools\scripts\Phalcon\Initializable.php on line 240
Mon 16 08:12:08 RUDY php: [WARNING] Unable to initialize Volt cache dir: F:\xampp\htdocs\rudy\berserkerapp/cache/. Used temp path: C:\Windows\TEMP\phalcon\volt
Mon 16 08:12:08 RUDY php: [WARNING] E_WARNING: mkdir(): File exists in F:\xampp\htdocs\rudy\phalcon-devtools\scripts\Phalcon\Initializable.php on line 240
Mon 16 08:12:08 RUDY php: [WARNING] Unable to initialize Volt cache dir: F:\xampp\htdocs\rudy\berserkerapp/cache/. Used temp path: C:\Windows\TEMP\phalcon\volt
Mon 16 08:12:08 RUDY php: [WARNING] E_WARNING: mkdir(): File exists in F:\xampp\htdocs\rudy\phalcon-devtools\scripts\Phalcon\Initializable.php on line 240
Mon 16 08:12:08 RUDY php: [WARNING] Unable to initialize Volt cache dir: F:\xampp\htdocs\rudy\berserkerapp/cache/. Used temp path: C:\Windows\TEMP\phalcon\volt
Mon 16 08:12:08 RUDY php: [WARNING] E_WARNING: mkdir(): File exists in F:\xampp\htdocs\rudy\phalcon-devtools\scripts\Phalcon\Initializable.php on line 240
